TN:
SF:src/compiler/constant/package-name.js
FNF:0
FNH:0
DA:1,1
DA:2,1
DA:3,1
DA:4,1
DA:5,1
LF:5
LH:5
BRF:0
BRH:0
end_of_record
TN:
SF:src/compiler/dom/compiler-attribute.js
FN:5,_default
FNF:1
FNH:1
FNDA:3,_default
DA:1,1
DA:2,1
DA:3,1
DA:4,1
DA:5,1
DA:6,3
DA:7,3
DA:8,0
DA:9,3
DA:10,3
DA:11,3
DA:12,3
LF:12
LH:11
BRDA:5,0,0,3
BRDA:5,1,0,2
BRDA:5,2,0,1
BRF:3
BRH:3
end_of_record
TN:
SF:src/compiler/dom/index.js
FN:7,isStringAllWhitespace
FN:16,clearCode
FN:27,_default
FN:37,processNode
FN:45,processNodeChildren
FN:78,generateCreateDomStatement
FN:88,generateCreateEffectDomStatement
FN:93,traverse
FNF:8
FNH:7
FNDA:1,isStringAllWhitespace
FNDA:1,clearCode
FNDA:1,_default
FNDA:1,processNode
FNDA:2,processNodeChildren
FNDA:3,generateCreateDomStatement
FNDA:0,generateCreateEffectDomStatement
FNDA:4,traverse
DA:1,1
DA:2,1
DA:3,1
DA:4,1
DA:5,1
DA:6,1
DA:7,1
DA:8,1
DA:9,1
DA:10,1
DA:11,1
DA:12,1
DA:13,1
DA:14,1
DA:15,1
DA:16,1
DA:17,1
DA:18,1
DA:19,1
DA:20,1
DA:21,1
DA:22,1
DA:23,1
DA:24,1
DA:25,1
DA:26,1
DA:27,1
DA:28,1
DA:29,1
DA:30,1
DA:31,1
DA:32,1
DA:33,1
DA:34,1
DA:35,1
DA:36,1
DA:37,1
DA:38,1
DA:39,1
DA:40,1
DA:41,1
DA:42,1
DA:43,1
DA:44,1
DA:45,2
DA:46,2
DA:47,2
DA:48,2
DA:49,1
DA:50,1
DA:51,2
DA:52,1
DA:53,0
DA:54,1
DA:55,1
DA:56,1
DA:57,0
DA:58,0
DA:59,0
DA:60,0
DA:61,0
DA:62,0
DA:63,0
DA:64,1
DA:65,1
DA:66,1
DA:67,2
DA:68,2
DA:69,2
DA:70,2
DA:71,1
DA:72,1
DA:73,1
DA:74,1
DA:75,1
DA:76,1
DA:77,1
DA:78,3
DA:79,3
DA:80,3
DA:81,3
DA:82,0
DA:83,0
DA:84,3
DA:85,3
DA:86,1
DA:87,1
DA:88,0
DA:89,0
DA:90,0
DA:91,0
DA:92,1
DA:93,4
DA:94,4
DA:95,1
DA:96,1
DA:97,3
DA:98,3
DA:99,3
DA:100,3
DA:101,3
DA:102,3
DA:103,3
DA:104,3
DA:105,4
LF:105
LH:91
BRDA:7,0,0,1
BRDA:16,1,0,1
BRDA:27,2,0,1
BRDA:37,3,0,1
BRDA:45,4,0,2
BRDA:45,5,0,0
BRDA:46,6,0,2
BRDA:48,7,0,1
BRDA:48,8,0,1
BRDA:48,9,0,1
BRDA:51,10,0,1
BRDA:52,11,0,0
BRDA:56,12,0,0
BRDA:78,13,0,3
BRDA:81,14,0,0
BRDA:88,15,0,0
BRDA:93,16,0,4
BRDA:94,17,0,1
BRDA:96,18,0,3
BRF:19
BRH:14
end_of_record
TN:
SF:src/compiler/dom/reactive-dom/index.js
FN:10,isReactiveTemplate
FN:14,setCacheVariableName
FN:18,setPrefix
FN:34,processTemplate
FN:53,generateEffectStatement
FNF:5
FNH:1
FNDA:1,isReactiveTemplate
FNDA:0,setCacheVariableName
FNDA:0,setPrefix
FNDA:0,processTemplate
FNDA:0,generateEffectStatement
DA:1,1
DA:2,1
DA:3,1
DA:4,1
DA:5,1
DA:6,1
DA:7,1
DA:8,1
DA:9,1
DA:10,1
DA:11,1
DA:12,1
DA:13,1
DA:14,1
DA:15,0
DA:16,0
DA:17,1
DA:18,1
DA:19,0
DA:20,0
DA:21,0
DA:22,0
DA:23,0
DA:24,0
DA:25,0
DA:26,0
DA:27,0
DA:28,1
DA:29,1
DA:30,1
DA:31,1
DA:32,1
DA:33,1
DA:34,1
DA:35,0
DA:36,0
DA:37,0
DA:38,0
DA:39,0
DA:40,0
DA:41,0
DA:42,0
DA:43,0
DA:44,0
DA:45,0
DA:46,0
DA:47,1
DA:48,1
DA:49,1
DA:50,1
DA:51,1
DA:52,1
DA:53,1
DA:54,0
DA:55,0
LF:55
LH:30
BRDA:10,0,0,1
BRDA:34,1,0,0
BRF:2
BRH:1
end_of_record
TN:
SF:src/compiler/script/index.js
FN:4,parseScriptVariables
FN:9,enter
FN:30,parseScript
FNF:3
FNH:2
FNDA:1,parseScriptVariables
FNDA:0,enter
FNDA:1,parseScript
DA:1,1
DA:2,1
DA:3,1
DA:4,1
DA:5,1
DA:6,1
DA:7,1
DA:8,1
DA:9,1
DA:10,0
DA:11,0
DA:12,0
DA:13,0
DA:14,0
DA:15,0
DA:16,0
DA:17,0
DA:18,0
DA:19,1
DA:20,1
DA:21,1
DA:22,1
DA:23,1
DA:24,1
DA:25,1
DA:26,1
DA:27,1
DA:28,1
DA:29,1
DA:30,1
DA:31,1
DA:32,1
DA:33,1
DA:34,0
DA:35,0
DA:36,0
DA:37,0
DA:38,0
LF:38
LH:24
BRDA:4,0,0,1
BRDA:30,1,0,1
BRDA:33,2,0,0
BRF:3
BRH:2
end_of_record
TN:
SF:src/compiler/sfc/index.js
FN:19,generateConstructorStatement
FN:36,generateExportStatement
FN:51,parse
FN:85,baseParser
FN:109,constitute
FN:113,generateNode
FNF:6
FNH:3
FNDA:0,generateConstructorStatement
FNDA:0,generateExportStatement
FNDA:1,parse
FNDA:1,baseParser
FNDA:0,constitute
FNDA:1,generateNode
DA:1,1
DA:2,1
DA:3,1
DA:4,1
DA:5,1
DA:6,1
DA:7,1
DA:8,1
DA:9,1
DA:10,1
DA:11,1
DA:12,1
DA:13,1
DA:14,1
DA:15,1
DA:16,1
DA:17,1
DA:18,1
DA:19,0
DA:20,0
DA:21,0
DA:22,0
DA:23,0
DA:24,0
DA:25,0
DA:26,0
DA:27,0
DA:28,0
DA:29,0
DA:30,1
DA:31,1
DA:32,1
DA:33,1
DA:34,1
DA:35,1
DA:36,0
DA:37,0
DA:38,0
DA:39,0
DA:40,0
DA:41,0
DA:42,0
DA:43,0
DA:44,1
DA:45,1
DA:46,1
DA:47,1
DA:48,1
DA:49,1
DA:50,1
DA:51,1
DA:52,1
DA:53,1
DA:54,1
DA:55,1
DA:56,1
DA:57,1
DA:58,1
DA:59,1
DA:60,1
DA:61,1
DA:62,1
DA:63,1
DA:64,1
DA:65,1
DA:66,1
DA:67,1
DA:68,1
DA:69,1
DA:70,1
DA:71,1
DA:72,1
DA:73,1
DA:74,1
DA:75,1
DA:76,1
DA:77,1
DA:78,1
DA:79,1
DA:80,1
DA:81,1
DA:82,1
DA:83,1
DA:84,1
DA:85,1
DA:86,1
DA:87,1
DA:88,2
DA:89,2
DA:90,2
DA:91,1
DA:92,1
DA:93,2
DA:94,0
DA:95,0
DA:96,2
DA:97,1
DA:98,1
DA:99,2
DA:100,1
DA:101,1
DA:102,1
DA:103,1
DA:104,1
DA:105,1
DA:106,1
DA:107,1
DA:108,1
DA:109,0
DA:110,0
DA:111,0
DA:112,1
DA:113,1
DA:114,1
DA:115,1
DA:116,1
DA:117,1
LF:117
LH:93
BRDA:36,0,0,0
BRDA:51,1,0,1
BRDA:55,2,0,0
BRDA:59,3,0,0
BRDA:63,4,0,0
BRDA:85,5,0,1
BRDA:87,6,0,2
BRDA:90,7,0,1
BRDA:93,8,0,0
BRDA:96,9,0,1
BRDA:113,10,0,1
BRDA:113,11,0,0
BRF:12
BRH:6
end_of_record
TN:
SF:src/compiler/sfc/utils/import-packages-utils.js
FN:3,hasImport
FN:7,setImportPackageSet
FN:11,getImportPackageSet
FN:15,clearPackage
FN:19,generatePackagesStatement
FNF:5
FNH:1
FNDA:0,hasImport
FNDA:6,setImportPackageSet
FNDA:0,getImportPackageSet
FNDA:0,clearPackage
FNDA:0,generatePackagesStatement
DA:1,1
DA:2,1
DA:3,1
DA:4,0
DA:5,0
DA:6,1
DA:7,1
DA:8,6
DA:9,6
DA:10,1
DA:11,1
DA:12,0
DA:13,0
DA:14,1
DA:15,1
DA:16,0
DA:17,0
DA:18,1
DA:19,1
DA:20,0
DA:21,0
DA:22,0
DA:23,0
LF:23
LH:13
BRDA:7,0,0,6
BRF:1
BRH:1
end_of_record
TN:
SF:src/compiler/style/index.js
FN:2,asyncGeneratorStep
FN:2,_asyncToGenerator
FN:4,generateStyleElement
FN:8,_default
FN:8,_ref
FNF:5
FNH:0
FNDA:0,asyncGeneratorStep
FNDA:0,_asyncToGenerator
FNDA:0,generateStyleElement
FNDA:0,_default
FNDA:0,_ref
DA:1,1
DA:2,0
DA:3,1
DA:4,0
DA:5,0
DA:6,0
DA:7,1
DA:8,0
DA:9,0
DA:10,0
DA:11,0
DA:12,0
DA:13,0
DA:14,0
DA:15,0
DA:16,0
LF:16
LH:3
BRDA:8,0,0,0
BRF:1
BRH:0
end_of_record
TN:
SF:src/compiler/utils/array-utils.js
FN:2,isNotEmpty
FNF:1
FNH:0
FNDA:0,isNotEmpty
DA:1,1
DA:2,1
DA:3,0
DA:4,0
DA:5,1
LF:5
LH:3
BRF:0
BRH:0
end_of_record
TN:
SF:src/compiler/utils/filename-utils.js
FN:6,kebabToPascalCase
FN:17,getNameByPath
FNF:2
FNH:0
FNDA:0,kebabToPascalCase
FNDA:0,getNameByPath
DA:1,1
DA:2,1
DA:3,1
DA:4,1
DA:5,1
DA:6,1
DA:7,0
DA:8,0
DA:9,1
DA:10,1
DA:11,1
DA:12,1
DA:13,1
DA:14,1
DA:15,1
DA:16,1
DA:17,1
DA:18,0
DA:19,0
DA:20,0
LF:20
LH:15
BRF:0
BRH:0
end_of_record
